{"/Users/ari/Documents/Documents - Ari’s MacBook Air/Codesmith/Week 6/softI/client/App.jsx": {"path":"/Users/ari/Documents/Documents - Ari’s MacBook Air/Codesmith/Week 6/softI/client/App.jsx","statementMap":{"0":{"start":{"line":12,"column":22},"end":{"line":12,"column":71}},"1":{"start":{"line":12,"column":45},"end":{"line":12,"column":70}},"2":{"start":{"line":14,"column":2},"end":{"line":20,"column":4}}},"fnMap":{"0":{"name":"App","decl":{"start":{"line":8,"column":9},"end":{"line":8,"column":12}},"loc":{"start":{"line":8,"column":15},"end":{"line":21,"column":1}},"line":8},"1":{"name":"(anonymous_1)","decl":{"start":{"line":12,"column":34},"end":{"line":12,"column":35}},"loc":{"start":{"line":12,"column":45},"end":{"line":12,"column":70}},"line":12}},"branchMap":{"0":{"loc":{"start":{"line":18,"column":7},"end":{"line":18,"column":41}},"type":"cond-expr","locations":[{"start":{"line":18,"column":21},"end":{"line":18,"column":29}},{"start":{"line":18,"column":32},"end":{"line":18,"column":41}}],"line":18}},"s":{"0":0,"1":0,"2":0},"f":{"0":0,"1":0},"b":{"0":[0,0]}}
,"/Users/ari/Documents/Documents - Ari’s MacBook Air/Codesmith/Week 6/softI/client/index.js": {"path":"/Users/ari/Documents/Documents - Ari’s MacBook Air/Codesmith/Week 6/softI/client/index.js","statementMap":{"0":{"start":{"line":11,"column":18},"end":{"line":11,"column":49}},"1":{"start":{"line":12,"column":13},"end":{"line":12,"column":34}},"2":{"start":{"line":13,"column":0},"end":{"line":15,"column":13}}},"fnMap":{},"branchMap":{},"s":{"0":0,"1":0,"2":0},"f":{},"b":{}}
,"/Users/ari/Documents/Documents - Ari’s MacBook Air/Codesmith/Week 6/softI/client/components/Home.jsx": {"path":"/Users/ari/Documents/Documents - Ari’s MacBook Air/Codesmith/Week 6/softI/client/components/Home.jsx","statementMap":{"0":{"start":{"line":9,"column":19},"end":{"line":9,"column":32}},"1":{"start":{"line":10,"column":24},"end":{"line":10,"column":79}},"2":{"start":{"line":10,"column":47},"end":{"line":10,"column":78}},"3":{"start":{"line":12,"column":2},"end":{"line":24,"column":3}},"4":{"start":{"line":18,"column":53},"end":{"line":18,"column":77}}},"fnMap":{"0":{"name":"Home","decl":{"start":{"line":8,"column":24},"end":{"line":8,"column":28}},"loc":{"start":{"line":8,"column":31},"end":{"line":25,"column":1}},"line":8},"1":{"name":"(anonymous_1)","decl":{"start":{"line":10,"column":36},"end":{"line":10,"column":37}},"loc":{"start":{"line":10,"column":47},"end":{"line":10,"column":78}},"line":10},"2":{"name":"(anonymous_2)","decl":{"start":{"line":18,"column":47},"end":{"line":18,"column":48}},"loc":{"start":{"line":18,"column":53},"end":{"line":18,"column":77}},"line":18}},"branchMap":{"0":{"loc":{"start":{"line":16,"column":7},"end":{"line":20,"column":9}},"type":"cond-expr","locations":[{"start":{"line":16,"column":23},"end":{"line":16,"column":38}},{"start":{"line":16,"column":41},"end":{"line":20,"column":9}}],"line":16}},"s":{"0":0,"1":0,"2":0,"3":0,"4":0},"f":{"0":0,"1":0,"2":0},"b":{"0":[0,0]}}
,"/Users/ari/Documents/Documents - Ari’s MacBook Air/Codesmith/Week 6/softI/client/components/Login.jsx": {"path":"/Users/ari/Documents/Documents - Ari’s MacBook Air/Codesmith/Week 6/softI/client/components/Login.jsx","statementMap":{"0":{"start":{"line":7,"column":19},"end":{"line":7,"column":32}},"1":{"start":{"line":9,"column":2},"end":{"line":18,"column":3}},"2":{"start":{"line":14,"column":55},"end":{"line":14,"column":76}}},"fnMap":{"0":{"name":"Login","decl":{"start":{"line":6,"column":24},"end":{"line":6,"column":29}},"loc":{"start":{"line":6,"column":32},"end":{"line":19,"column":1}},"line":6},"1":{"name":"(anonymous_1)","decl":{"start":{"line":14,"column":49},"end":{"line":14,"column":50}},"loc":{"start":{"line":14,"column":55},"end":{"line":14,"column":76}},"line":14}},"branchMap":{},"s":{"0":0,"1":0,"2":0},"f":{"0":0,"1":0},"b":{}}
,"/Users/ari/Documents/Documents - Ari’s MacBook Air/Codesmith/Week 6/softI/client/components/MySessions.jsx": {"path":"/Users/ari/Documents/Documents - Ari’s MacBook Air/Codesmith/Week 6/softI/client/components/MySessions.jsx","statementMap":{"0":{"start":{"line":4,"column":28},"end":{"line":4,"column":40}},"1":{"start":{"line":5,"column":26},"end":{"line":5,"column":37}},"2":{"start":{"line":7,"column":16},"end":{"line":7,"column":18}},"3":{"start":{"line":9,"column":2},"end":{"line":23,"column":9}},"4":{"start":{"line":10,"column":4},"end":{"line":22,"column":40}},"5":{"start":{"line":11,"column":22},"end":{"line":11,"column":33}},"6":{"start":{"line":13,"column":8},"end":{"line":13,"column":25}},"7":{"start":{"line":14,"column":20},"end":{"line":14,"column":22}},"8":{"start":{"line":15,"column":8},"end":{"line":19,"column":11}},"9":{"start":{"line":16,"column":10},"end":{"line":18,"column":12}},"10":{"start":{"line":20,"column":8},"end":{"line":20,"column":24}},"11":{"start":{"line":22,"column":22},"end":{"line":22,"column":38}},"12":{"start":{"line":25,"column":2},"end":{"line":31,"column":3}},"13":{"start":{"line":25,"column":15},"end":{"line":25,"column":16}},"14":{"start":{"line":26,"column":4},"end":{"line":30,"column":5}},"15":{"start":{"line":27,"column":6},"end":{"line":27,"column":66}},"16":{"start":{"line":29,"column":6},"end":{"line":29,"column":68}},"17":{"start":{"line":33,"column":23},"end":{"line":36,"column":3}},"18":{"start":{"line":34,"column":4},"end":{"line":34,"column":24}},"19":{"start":{"line":35,"column":4},"end":{"line":35,"column":22}},"20":{"start":{"line":38,"column":2},"end":{"line":44,"column":4}},"21":{"start":{"line":41,"column":31},"end":{"line":41,"column":59}}},"fnMap":{"0":{"name":"PreviousSession","decl":{"start":{"line":3,"column":9},"end":{"line":3,"column":24}},"loc":{"start":{"line":3,"column":27},"end":{"line":45,"column":1}},"line":3},"1":{"name":"(anonymous_1)","decl":{"start":{"line":9,"column":12},"end":{"line":9,"column":13}},"loc":{"start":{"line":9,"column":18},"end":{"line":23,"column":3}},"line":9},"2":{"name":"(anonymous_2)","decl":{"start":{"line":11,"column":12},"end":{"line":11,"column":13}},"loc":{"start":{"line":11,"column":22},"end":{"line":11,"column":33}},"line":11},"3":{"name":"(anonymous_3)","decl":{"start":{"line":12,"column":12},"end":{"line":12,"column":13}},"loc":{"start":{"line":12,"column":21},"end":{"line":21,"column":7}},"line":12},"4":{"name":"(anonymous_4)","decl":{"start":{"line":15,"column":20},"end":{"line":15,"column":21}},"loc":{"start":{"line":15,"column":32},"end":{"line":19,"column":9}},"line":15},"5":{"name":"(anonymous_5)","decl":{"start":{"line":22,"column":13},"end":{"line":22,"column":14}},"loc":{"start":{"line":22,"column":22},"end":{"line":22,"column":38}},"line":22},"6":{"name":"(anonymous_6)","decl":{"start":{"line":33,"column":23},"end":{"line":33,"column":24}},"loc":{"start":{"line":33,"column":32},"end":{"line":36,"column":3}},"line":33},"7":{"name":"(anonymous_7)","decl":{"start":{"line":41,"column":24},"end":{"line":41,"column":25}},"loc":{"start":{"line":41,"column":31},"end":{"line":41,"column":59}},"line":41}},"branchMap":{"0":{"loc":{"start":{"line":26,"column":4},"end":{"line":30,"column":5}},"type":"if","locations":[{"start":{"line":26,"column":4},"end":{"line":30,"column":5}},{"start":{"line":28,"column":11},"end":{"line":30,"column":5}}],"line":26}},"s":{"0":0,"1":0,"2":0,"3":0,"4":0,"5":0,"6":0,"7":0,"8":0,"9":0,"10":0,"11":0,"12":0,"13":0,"14":0,"15":0,"16":0,"17":0,"18":0,"19":0,"20":0,"21":0},"f":{"0":0,"1":0,"2":0,"3":0,"4":0,"5":0,"6":0,"7":0},"b":{"0":[0,0]}}
,"/Users/ari/Documents/Documents - Ari’s MacBook Air/Codesmith/Week 6/softI/client/components/Question.jsx": {"path":"/Users/ari/Documents/Documents - Ari’s MacBook Air/Codesmith/Week 6/softI/client/components/Question.jsx","statementMap":{"0":{"start":{"line":8,"column":22},"end":{"line":8,"column":72}},"1":{"start":{"line":8,"column":45},"end":{"line":8,"column":71}},"2":{"start":{"line":9,"column":26},"end":{"line":9,"column":80}},"3":{"start":{"line":9,"column":49},"end":{"line":9,"column":79}},"4":{"start":{"line":10,"column":19},"end":{"line":10,"column":32}},"5":{"start":{"line":13,"column":2},"end":{"line":20,"column":4}}},"fnMap":{"0":{"name":"Question","decl":{"start":{"line":5,"column":24},"end":{"line":5,"column":32}},"loc":{"start":{"line":5,"column":35},"end":{"line":21,"column":1}},"line":5},"1":{"name":"(anonymous_1)","decl":{"start":{"line":8,"column":34},"end":{"line":8,"column":35}},"loc":{"start":{"line":8,"column":45},"end":{"line":8,"column":71}},"line":8},"2":{"name":"(anonymous_2)","decl":{"start":{"line":9,"column":38},"end":{"line":9,"column":39}},"loc":{"start":{"line":9,"column":49},"end":{"line":9,"column":79}},"line":9}},"branchMap":{},"s":{"0":0,"1":0,"2":0,"3":0,"4":0,"5":0},"f":{"0":0,"1":0,"2":0},"b":{}}
,"/Users/ari/Documents/Documents - Ari’s MacBook Air/Codesmith/Week 6/softI/client/components/QuestionBox.jsx": {"path":"/Users/ari/Documents/Documents - Ari’s MacBook Air/Codesmith/Week 6/softI/client/components/QuestionBox.jsx","statementMap":{"0":{"start":{"line":11,"column":19},"end":{"line":11,"column":32}},"1":{"start":{"line":12,"column":26},"end":{"line":12,"column":80}},"2":{"start":{"line":12,"column":49},"end":{"line":12,"column":79}},"3":{"start":{"line":14,"column":20},"end":{"line":14,"column":32}},"4":{"start":{"line":15,"column":27},"end":{"line":15,"column":39}},"5":{"start":{"line":16,"column":36},"end":{"line":16,"column":51}},"6":{"start":{"line":17,"column":46},"end":{"line":17,"column":58}},"7":{"start":{"line":19,"column":30},"end":{"line":26,"column":3}},"8":{"start":{"line":21,"column":6},"end":{"line":23,"column":7}},"9":{"start":{"line":22,"column":8},"end":{"line":22,"column":55}},"10":{"start":{"line":22,"column":36},"end":{"line":22,"column":53}},"11":{"start":{"line":28,"column":33},"end":{"line":31,"column":38}},"12":{"start":{"line":29,"column":4},"end":{"line":29,"column":36}},"13":{"start":{"line":30,"column":4},"end":{"line":30,"column":24}},"14":{"start":{"line":33,"column":34},"end":{"line":43,"column":70}},"15":{"start":{"line":34,"column":4},"end":{"line":34,"column":23}},"16":{"start":{"line":35,"column":4},"end":{"line":37,"column":7}},"17":{"start":{"line":38,"column":4},"end":{"line":41,"column":6}},"18":{"start":{"line":42,"column":4},"end":{"line":42,"column":37}},"19":{"start":{"line":62,"column":25},"end":{"line":77,"column":22}},"20":{"start":{"line":63,"column":4},"end":{"line":76,"column":5}},"21":{"start":{"line":64,"column":19},"end":{"line":66,"column":8}},"22":{"start":{"line":67,"column":23},"end":{"line":67,"column":37}},"23":{"start":{"line":68,"column":6},"end":{"line":68,"column":35}},"24":{"start":{"line":69,"column":6},"end":{"line":75,"column":8}},"25":{"start":{"line":74,"column":8},"end":{"line":74,"column":32}},"26":{"start":{"line":80,"column":27},"end":{"line":84,"column":3}},"27":{"start":{"line":91,"column":2},"end":{"line":119,"column":4}},"28":{"start":{"line":116,"column":51},"end":{"line":116,"column":73}},"29":{"start":{"line":117,"column":57},"end":{"line":117,"column":81}}},"fnMap":{"0":{"name":"QuestionBox","decl":{"start":{"line":10,"column":24},"end":{"line":10,"column":35}},"loc":{"start":{"line":10,"column":38},"end":{"line":121,"column":1}},"line":10},"1":{"name":"(anonymous_1)","decl":{"start":{"line":12,"column":38},"end":{"line":12,"column":39}},"loc":{"start":{"line":12,"column":49},"end":{"line":12,"column":79}},"line":12},"2":{"name":"(anonymous_2)","decl":{"start":{"line":20,"column":4},"end":{"line":20,"column":5}},"loc":{"start":{"line":20,"column":18},"end":{"line":24,"column":5}},"line":20},"3":{"name":"(anonymous_3)","decl":{"start":{"line":22,"column":26},"end":{"line":22,"column":27}},"loc":{"start":{"line":22,"column":36},"end":{"line":22,"column":53}},"line":22},"4":{"name":"(anonymous_4)","decl":{"start":{"line":28,"column":45},"end":{"line":28,"column":46}},"loc":{"start":{"line":28,"column":51},"end":{"line":31,"column":3}},"line":28},"5":{"name":"(anonymous_5)","decl":{"start":{"line":33,"column":46},"end":{"line":33,"column":47}},"loc":{"start":{"line":33,"column":52},"end":{"line":43,"column":3}},"line":33},"6":{"name":"(anonymous_6)","decl":{"start":{"line":62,"column":37},"end":{"line":62,"column":38}},"loc":{"start":{"line":62,"column":43},"end":{"line":77,"column":3}},"line":62},"7":{"name":"(anonymous_7)","decl":{"start":{"line":73,"column":14},"end":{"line":73,"column":15}},"loc":{"start":{"line":73,"column":28},"end":{"line":75,"column":7}},"line":73},"8":{"name":"(anonymous_8)","decl":{"start":{"line":116,"column":45},"end":{"line":116,"column":46}},"loc":{"start":{"line":116,"column":51},"end":{"line":116,"column":73}},"line":116},"9":{"name":"(anonymous_9)","decl":{"start":{"line":117,"column":51},"end":{"line":117,"column":52}},"loc":{"start":{"line":117,"column":57},"end":{"line":117,"column":81}},"line":117}},"branchMap":{"0":{"loc":{"start":{"line":21,"column":6},"end":{"line":23,"column":7}},"type":"if","locations":[{"start":{"line":21,"column":6},"end":{"line":23,"column":7}},{"start":{},"end":{}}],"line":21},"1":{"loc":{"start":{"line":63,"column":4},"end":{"line":76,"column":5}},"type":"if","locations":[{"start":{"line":63,"column":4},"end":{"line":76,"column":5}},{"start":{},"end":{}}],"line":63},"2":{"loc":{"start":{"line":113,"column":7},"end":{"line":117,"column":105}},"type":"cond-expr","locations":[{"start":{"line":113,"column":31},"end":{"line":117,"column":9}},{"start":{"line":117,"column":12},"end":{"line":117,"column":105}}],"line":113}},"s":{"0":0,"1":0,"2":0,"3":0,"4":0,"5":0,"6":0,"7":0,"8":0,"9":0,"10":0,"11":0,"12":0,"13":0,"14":0,"15":0,"16":0,"17":0,"18":0,"19":0,"20":0,"21":0,"22":0,"23":0,"24":0,"25":0,"26":0,"27":0,"28":0,"29":0},"f":{"0":0,"1":0,"2":0,"3":0,"4":0,"5":0,"6":0,"7":0,"8":0,"9":0},"b":{"0":[0,0],"1":[0,0],"2":[0,0]}}
,"/Users/ari/Documents/Documents - Ari’s MacBook Air/Codesmith/Week 6/softI/client/components/Test.jsx": {"path":"/Users/ari/Documents/Documents - Ari’s MacBook Air/Codesmith/Week 6/softI/client/components/Test.jsx","statementMap":{"0":{"start":{"line":4,"column":2},"end":{"line":8,"column":3}}},"fnMap":{"0":{"name":"Test","decl":{"start":{"line":3,"column":24},"end":{"line":3,"column":28}},"loc":{"start":{"line":3,"column":31},"end":{"line":9,"column":1}},"line":3}},"branchMap":{},"s":{"0":0},"f":{"0":0},"b":{}}
,"/Users/ari/Documents/Documents - Ari’s MacBook Air/Codesmith/Week 6/softI/client/redux/questionSlice.js": {"path":"/Users/ari/Documents/Documents - Ari’s MacBook Air/Codesmith/Week 6/softI/client/redux/questionSlice.js","statementMap":{"0":{"start":{"line":4,"column":21},"end":{"line":21,"column":1}},"1":{"start":{"line":23,"column":29},"end":{"line":47,"column":2}},"2":{"start":{"line":32,"column":6},"end":{"line":32,"column":30}},"3":{"start":{"line":35,"column":6},"end":{"line":35,"column":36}},"4":{"start":{"line":36,"column":6},"end":{"line":36,"column":56}},"5":{"start":{"line":39,"column":6},"end":{"line":39,"column":30}},"6":{"start":{"line":42,"column":6},"end":{"line":42,"column":29}},"7":{"start":{"line":43,"column":6},"end":{"line":43,"column":32}},"8":{"start":{"line":44,"column":6},"end":{"line":44,"column":37}},"9":{"start":{"line":51,"column":12},"end":{"line":51,"column":14}},"10":{"start":{"line":52,"column":2},"end":{"line":52,"column":68}},"11":{"start":{"line":52,"column":31},"end":{"line":52,"column":68}},"12":{"start":{"line":53,"column":2},"end":{"line":57,"column":3}},"13":{"start":{"line":53,"column":15},"end":{"line":53,"column":16}},"14":{"start":{"line":54,"column":19},"end":{"line":54,"column":66}},"15":{"start":{"line":55,"column":4},"end":{"line":55,"column":35}},"16":{"start":{"line":56,"column":4},"end":{"line":56,"column":35}},"17":{"start":{"line":58,"column":2},"end":{"line":58,"column":13}},"18":{"start":{"line":61,"column":78},"end":{"line":61,"column":99}}},"fnMap":{"0":{"name":"(anonymous_0)","decl":{"start":{"line":31,"column":15},"end":{"line":31,"column":16}},"loc":{"start":{"line":31,"column":34},"end":{"line":33,"column":5}},"line":31},"1":{"name":"(anonymous_1)","decl":{"start":{"line":34,"column":18},"end":{"line":34,"column":19}},"loc":{"start":{"line":34,"column":37},"end":{"line":37,"column":5}},"line":34},"2":{"name":"(anonymous_2)","decl":{"start":{"line":38,"column":18},"end":{"line":38,"column":19}},"loc":{"start":{"line":38,"column":37},"end":{"line":40,"column":5}},"line":38},"3":{"name":"(anonymous_3)","decl":{"start":{"line":41,"column":16},"end":{"line":41,"column":17}},"loc":{"start":{"line":41,"column":35},"end":{"line":45,"column":5}},"line":41},"4":{"name":"pickQuestion","decl":{"start":{"line":50,"column":9},"end":{"line":50,"column":21}},"loc":{"start":{"line":50,"column":36},"end":{"line":59,"column":1}},"line":50}},"branchMap":{"0":{"loc":{"start":{"line":52,"column":2},"end":{"line":52,"column":68}},"type":"if","locations":[{"start":{"line":52,"column":2},"end":{"line":52,"column":68}},{"start":{},"end":{}}],"line":52}},"s":{"0":1,"1":1,"2":2,"3":2,"4":2,"5":1,"6":1,"7":1,"8":1,"9":2,"10":2,"11":0,"12":2,"13":2,"14":6,"15":6,"16":6,"17":2,"18":1},"f":{"0":2,"1":2,"2":1,"3":1,"4":2},"b":{"0":[0,2]},"_coverageSchema":"1a1c01bbd47fc00a2c39e90264f33305004495a9","hash":"827a32ba5193d8d1094e08f2694d8ef65dff86c0"}
,"/Users/ari/Documents/Documents - Ari’s MacBook Air/Codesmith/Week 6/softI/client/redux/store.js": {"path":"/Users/ari/Documents/Documents - Ari’s MacBook Air/Codesmith/Week 6/softI/client/redux/store.js","statementMap":{"0":{"start":{"line":4,"column":21},"end":{"line":8,"column":2}}},"fnMap":{},"branchMap":{},"s":{"0":0},"f":{},"b":{}}
}
